0 info it worked if it ends with ok
1 verbose cli [ '/Users/dennissmuda/.nvm/versions/node/v6.2.0/bin/node',
1 verbose cli   '/Users/dennissmuda/.nvm/versions/node/v6.2.0/bin/npm',
1 verbose cli   'run',
1 verbose cli   'start-emtippspiel' ]
2 info using npm@3.8.9
3 info using node@v6.2.0
4 verbose stack Error: ENOENT: no such file or directory, open '/Users/dennissmuda/Desktop/love/shooter/package.json'
4 verbose stack     at Error (native)
5 verbose cwd /Users/dennissmuda/Desktop/love/shooter
6 error Darwin 15.5.0
7 error argv "/Users/dennissmuda/.nvm/versions/node/v6.2.0/bin/node" "/Users/dennissmuda/.nvm/versions/node/v6.2.0/bin/npm" "run" "start-emtippspiel"
8 error node v6.2.0
9 error npm  v3.8.9
10 error path /Users/dennissmuda/Desktop/love/shooter/package.json
11 error code ENOENT
12 error errno -2
13 error syscall open
14 error enoent ENOENT: no such file or directory, open '/Users/dennissmuda/Desktop/love/shooter/package.json'
15 error enoent ENOENT: no such file or directory, open '/Users/dennissmuda/Desktop/love/shooter/package.json'
15 error enoent This is most likely not a problem with npm itself
15 error enoent and is related to npm not being able to find a file.
16 verbose exit [ -2, true ]
